Determining if the pthread_create exist failed with the following output:
Change Dir: /export/bulk/local-home/kpurohit/projects/hobbies/turretController/catkin_ws/build/CMakeFiles/CMakeTmp

Run Build Command:"/usr/bin/make" "cmTC_7b804/fast"
/usr/bin/make -f CMakeFiles/cmTC_7b804.dir/build.make CMakeFiles/cmTC_7b804.dir/build
make[1]: Entering directory '/export/bulk/local-home/kpurohit/projects/hobbies/turretController/catkin_ws/build/CMakeFiles/CMakeTmp'
Building C object CMakeFiles/cmTC_7b804.dir/CheckSymbolExists.c.o
/usr/local/bullseye/bin/cc     -o CMakeFiles/cmTC_7b804.dir/CheckSymbolExists.c.o   -c /export/bulk/local-home/kpurohit/projects/hobbies/turretController/catkin_ws/build/CMakeFiles/CMakeTmp/CheckSymbolExists.c
Linking C executable cmTC_7b804
/usr/bin/cmake -E cmake_link_script CMakeFiles/cmTC_7b804.dir/link.txt --verbose=1
/usr/local/bullseye/bin/cc       CMakeFiles/cmTC_7b804.dir/CheckSymbolExists.c.o  -o cmTC_7b804 -rdynamic 
CMakeFiles/cmTC_7b804.dir/CheckSymbolExists.c.o: In function `main':
CheckSymbolExists.c:(.text+0x16): undefined reference to `pthread_create'
collect2: error: ld returned 1 exit status
CMakeFiles/cmTC_7b804.dir/build.make:97: recipe for target 'cmTC_7b804' failed
make[1]: *** [cmTC_7b804] Error 1
make[1]: Leaving directory '/export/bulk/local-home/kpurohit/projects/hobbies/turretController/catkin_ws/build/CMakeFiles/CMakeTmp'
Makefile:126: recipe for target 'cmTC_7b804/fast' failed
make: *** [cmTC_7b804/fast] Error 2

File /export/bulk/local-home/kpurohit/projects/hobbies/turretController/catkin_ws/build/CMakeFiles/CMakeTmp/CheckSymbolExists.c:
/* */
#include <pthread.h>

int main(int argc, char** argv)
{
  (void)argv;
#ifndef pthread_create
  return ((int*)(&pthread_create))[argc];
#else
  (void)argc;
  return 0;
#endif
}

Determining if the function pthread_create exists in the pthreads failed with the following output:
Change Dir: /export/bulk/local-home/kpurohit/projects/hobbies/turretController/catkin_ws/build/CMakeFiles/CMakeTmp

Run Build Command:"/usr/bin/make" "cmTC_fe806/fast"
/usr/bin/make -f CMakeFiles/cmTC_fe806.dir/build.make CMakeFiles/cmTC_fe806.dir/build
make[1]: Entering directory '/export/bulk/local-home/kpurohit/projects/hobbies/turretController/catkin_ws/build/CMakeFiles/CMakeTmp'
Building C object CMakeFiles/cmTC_fe806.dir/CheckFunctionExists.c.o
/usr/local/bullseye/bin/cc    -DCHECK_FUNCTION_EXISTS=pthread_create   -o CMakeFiles/cmTC_fe806.dir/CheckFunctionExists.c.o   -c /usr/share/cmake-3.5/Modules/CheckFunctionExists.c
Linking C executable cmTC_fe806
/usr/bin/cmake -E cmake_link_script CMakeFiles/cmTC_fe806.dir/link.txt --verbose=1
/usr/local/bullseye/bin/cc   -DCHECK_FUNCTION_EXISTS=pthread_create    CMakeFiles/cmTC_fe806.dir/CheckFunctionExists.c.o  -o cmTC_fe806 -rdynamic -lpthreads 
/usr/bin/ld: cannot find -lpthreads
collect2: error: ld returned 1 exit status
CMakeFiles/cmTC_fe806.dir/build.make:97: recipe for target 'cmTC_fe806' failed
make[1]: *** [cmTC_fe806] Error 1
make[1]: Leaving directory '/export/bulk/local-home/kpurohit/projects/hobbies/turretController/catkin_ws/build/CMakeFiles/CMakeTmp'
Makefile:126: recipe for target 'cmTC_fe806/fast' failed
make: *** [cmTC_fe806/fast] Error 2


